<?xml version="1.0" encoding="UTF-8"?>
<testsuite name="co.com.qvision.petstore.runners.registro.RegistrarUsuarioRunner" tests="0" skipped="0" failures="0" errors="0" timestamp="1970-01-01T00:00:00" hostname="DESKTOP-CIJ4G6F" time="0.0">
  <properties/>
  <system-out><![CDATA[
4 Scenarios (?[32m4 passed?[0m)
12 Steps (?[32m12 passed?[0m)
1m23,166s

]]></system-out>
  <system-err><![CDATA[[Test worker] INFO net.thucydides.core.steps.ConsoleLoggingListener - Test Suite Started: Registro en el aplicativo de PetStore
[Test worker] INFO net.thucydides.core.steps.ConsoleLoggingListener - 
 _____ _____ ____ _____   ____ _____  _    ____ _____ _____ ____  
|_   _| ____/ ___|_   _| / ___|_   _|/ \  |  _ \_   _| ____|  _ \ 
  | | |  _| \___ \ | |   \___ \ | | / _ \ | |_) || | |  _| | | | |
  | | | |___ ___) || |    ___) || |/ ___ \|  _ < | | | |___| |_| |
  |_| |_____|____/ |_|   |____/ |_/_/   \_\_| \_\|_| |_____|____/ 
                                                                  

TEST STARTED: Registro exitoso
-------------------------------------------------------------------(registro-en-el-aplicativo-de-petstore;registro-exitoso)
[Test worker] INFO net.thucydides.core.steps.ConsoleLoggingListener - STARTING STEP Example: {userId=sebasqvision8, password=Todo1199, confirmarPassword=Todo1199, firstName=Sebas, lastName=Salda, email=prueba1@testq.com, phone=3333, addresOne=Calle 1, addresTwo=Calle 2, city=Medellin, state=Itagui, zip=055412, country=Nueva}
[Test worker] INFO net.thucydides.core.steps.ConsoleLoggingListener - 
 _____ _____ ____ _____   ____ _____  _    ____ _____ _____ ____  
|_   _| ____/ ___|_   _| / ___|_   _|/ \  |  _ \_   _| ____|  _ \ 
  | | |  _| \___ \ | |   \___ \ | | / _ \ | |_) || | |  _| | | | |
  | | | |___ ___) || |    ___) || |/ ___ \|  _ < | | | |___| |_| |
  |_| |_____|____/ |_|   |____/ |_/_/   \_\_| \_\|_| |_____|____/ 
                                                                  

TEST STARTED: Registro fallido usuario ya existe
-------------------------------------------------------------------(registro-en-el-aplicativo-de-petstore;registro-fallido-usuario-ya-existe)
[Test worker] INFO net.thucydides.core.steps.ConsoleLoggingListener - STARTING STEP Example: {userId=sebasqvision2, password=Todo1199, confirmarPassword=Todo1199, firstName=Sebas, lastName=Salda, email=prueba2@testq.com, phone=3333, addresOne=Calle 1, addresTwo=Calle 2, city=Medellin, state=Itagui, zip=055412, country=Nueva}
[Test worker] INFO net.thucydides.core.steps.ConsoleLoggingListener - 
 _____ _____ ____ _____   ____ _____  _    ____ _____ _____ ____  
|_   _| ____/ ___|_   _| / ___|_   _|/ \  |  _ \_   _| ____|  _ \ 
  | | |  _| \___ \ | |   \___ \ | | / _ \ | |_) || | |  _| | | | |
  | | | |___ ___) || |    ___) || |/ ___ \|  _ < | | | |___| |_| |
  |_| |_____|____/ |_|   |____/ |_/_/   \_\_| \_\|_| |_____|____/ 
                                                                  

TEST STARTED: Registro fallido con datos incompletos
-------------------------------------------------------------------(registro-en-el-aplicativo-de-petstore;registro-fallido-con-datos-incompletos)
[Test worker] INFO net.thucydides.core.steps.ConsoleLoggingListener - STARTING STEP Example: {userId=sebas, password=Todo1199, confirmarPassword=Todo1199, firstName=@@@@, lastName=Salda, email=prueba2@testq.com, phone=3333, addresOne=Calle 1, addresTwo=Calle 2, city=Medellin, state=, zip=, country=}
[Test worker] INFO net.thucydides.core.steps.ConsoleLoggingListener - STARTING STEP Example: {userId=sebas, password=Todo1199, confirmarPassword=Todo1199, firstName=, lastName=#####, email=&&&&&&&&, phone=3333, addresOne=Calle 1, addresTwo=Calle 2, city=Medellin, state=Itagui, zip=055412, country=Nueva}
]]></system-err>
</testsuite>
