<?xml version="1.0" encoding="UTF-8"?>
<testsuite name="co.com.qvision.petstore.runners.compras.ComprarAnimalRunner" tests="0" skipped="0" failures="0" errors="0" timestamp="1970-01-01T00:00:00" hostname="DESKTOP-CIJ4G6F" time="0.0">
  <properties/>
  <system-out><![CDATA[
5 Scenarios (?[32m5 passed?[0m)
15 Steps (?[32m15 passed?[0m)
1m58,310s

]]></system-out>
  <system-err><![CDATA[[Test worker] INFO net.thucydides.core.steps.ConsoleLoggingListener - Test Suite Started: Compra en el aplicativo de PetStore
[Test worker] INFO net.thucydides.core.steps.ConsoleLoggingListener - 
 _____ _____ ____ _____   ____ _____  _    ____ _____ _____ ____  
|_   _| ____/ ___|_   _| / ___|_   _|/ \  |  _ \_   _| ____|  _ \ 
  | | |  _| \___ \ | |   \___ \ | | / _ \ | |_) || | |  _| | | | |
  | | | |___ ___) || |    ___) || |/ ___ \|  _ < | | | |___| |_| |
  |_| |_____|____/ |_|   |____/ |_/_/   \_\_| \_\|_| |_____|____/ 
                                                                  

TEST STARTED: Compra exitosa mediante el tipo de animal
-------------------------------------------------------------------(compra-en-el-aplicativo-de-petstore;compra-exitosa-mediante-el-tipo-de-animal)
[Test worker] INFO net.thucydides.core.steps.ConsoleLoggingListener - STARTING STEP Example: {userId=sebasqvision2, password=Todo1199, animalType=FISH, productId=FI-FW-02, itemId=EST-21, quantity=5, cardType=MasterCard, cardNumber=4440 6542 2541 5245, expiryDate=12/2024, firstNameBillingAddress=Sebas, lastNameBillingAddress=Ruiz, addresOneBillingAddress=Calle 1, addresTwoBillingAddress=Calle 23223, cityBillingAddress=Itagui, stateBillingAddress=Los naranjos, zipBillingAddress=12345, countryBillingAddress=Colombia}
[Test worker] INFO net.thucydides.core.steps.ConsoleLoggingListener - STARTING STEP Example: {userId=sebasqvision2, password=Todo1199, animalType=DOGS, productId=K9-DL-01, itemId=EST-9, quantity=1, cardType=American Express, cardNumber=9999 1111 4444 6666, expiryDate=04/2028, firstNameBillingAddress=Aristoteles, lastNameBillingAddress=Marcotulio, addresOneBillingAddress=Diagonal 20 num 32-33, addresTwoBillingAddress=Transversal 23 num 11, cityBillingAddress=Medellin, stateBillingAddress=Robledo, zipBillingAddress=9999, countryBillingAddress=Colombia}
[Test worker] INFO net.thucydides.core.steps.ConsoleLoggingListener - 
 _____ _____ ____ _____   ____ _____  _    ____ _____ _____ ____  
|_   _| ____/ ___|_   _| / ___|_   _|/ \  |  _ \_   _| ____|  _ \ 
  | | |  _| \___ \ | |   \___ \ | | / _ \ | |_) || | |  _| | | | |
  | | | |___ ___) || |    ___) || |/ ___ \|  _ < | | | |___| |_| |
  |_| |_____|____/ |_|   |____/ |_/_/   \_\_| \_\|_| |_____|____/ 
                                                                  

TEST STARTED: Compra exitosa mediante la busqueda del nombre del animal
-------------------------------------------------------------------(compra-en-el-aplicativo-de-petstore;compra-exitosa-mediante-la-busqueda-del-nombre-del-animal)
[Test worker] INFO net.thucydides.core.steps.ConsoleLoggingListener - STARTING STEP Example: {userId=sebasqvision2, password=Todo1199, nameAnimal=Angelfish, productId=FI-SW-01, itemId=EST-2, quantity=3, cardType=Visa, cardNumber=4440 6542 2541 5245, expiryDate=11/2024, firstNameBillingAddress=Arnulfo, lastNameBillingAddress=Perea Ruiz, addresOneBillingAddress=Calle 1, addresTwoBillingAddress=Calle 23223, cityBillingAddress=Itagui, stateBillingAddress=Los naranjos, zipBillingAddress=12345, countryBillingAddress=Colombia}
[Test worker] INFO net.thucydides.core.steps.ConsoleLoggingListener - 
 _____ _____ ____ _____   ____ _____  _    ____ _____ _____ ____  
|_   _| ____/ ___|_   _| / ___|_   _|/ \  |  _ \_   _| ____|  _ \ 
  | | |  _| \___ \ | |   \___ \ | | / _ \ | |_) || | |  _| | | | |
  | | | |___ ___) || |    ___) || |/ ___ \|  _ < | | | |___| |_| |
  |_| |_____|____/ |_|   |____/ |_/_/   \_\_| \_\|_| |_____|____/ 
                                                                  

TEST STARTED: Compra fallida - agregar una cantidad de 0 productos del animal seleccionado
-------------------------------------------------------------------(compra-en-el-aplicativo-de-petstore;compra-fallida---agregar-una-cantidad-de-0-productos-del-animal-seleccionado)
[Test worker] INFO net.thucydides.core.steps.ConsoleLoggingListener - STARTING STEP Example: {userId=sebasqvision2, password=Todo1199, animalType=CATS, productId=FL-DSH-01, itemId=EST-15, quantity=0}
[Test worker] INFO net.thucydides.core.steps.ConsoleLoggingListener - 
 _____ _____ ____ _____   ____ _____  _    ____ _____ _____ ____  
|_   _| ____/ ___|_   _| / ___|_   _|/ \  |  _ \_   _| ____|  _ \ 
  | | |  _| \___ \ | |   \___ \ | | / _ \ | |_) || | |  _| | | | |
  | | | |___ ___) || |    ___) || |/ ___ \|  _ < | | | |___| |_| |
  |_| |_____|____/ |_|   |____/ |_/_/   \_\_| \_\|_| |_____|____/ 
                                                                  

TEST STARTED: Remover el producto agregado en el carrito de compras
-------------------------------------------------------------------(compra-en-el-aplicativo-de-petstore;remover-el-producto-agregado-en-el-carrito-de-compras)
[Test worker] INFO net.thucydides.core.steps.ConsoleLoggingListener - STARTING STEP Example: {userId=sebasqvision2, password=Todo1199, animalType=REPTILES, productId=RP-SN-01, itemId=EST-12}
]]></system-err>
</testsuite>
